<?xml version="1.0" encoding="UTF-8"?>
<testsuites name="New Test Suite 1" time="8.547" tests="1" failures="0" errors="0">
   <testsuite name="New Test Suite 1" tests="1" failures="0" errors="0" time="8.547" skipped="0" timestamp="2023-06-21 12:06:37" hostname="INFIWAVE SOLUTUONS - LAPTOP-94VM543I" id="Test Suites/New Test Suite 1">
      <properties>
         <property name="deviceName" value=""/>
         <property name="devicePlatform" value=""/>
         <property name="logFolder" value="C:\\Users\\INFIWAVE SOLUTUONS\\git\\WebTesting\\.git\\WebTesting\\.git\\WebTesting\\Reports\\20230621_120629\\New Test Suite 1\\20230621_120630"/>
         <property name="logFiles" value="C:\\Users\\INFIWAVE SOLUTUONS\\git\\WebTesting\\.git\\WebTesting\\.git\\WebTesting\\Reports\\20230621_120629\\New Test Suite 1\\20230621_120630\\execution0.log"/>
         <property name="attachments" value=""/>
         <property name="hostName" value="INFIWAVE SOLUTUONS - LAPTOP-94VM543I"/>
         <property name="os" value="Windows 11 64bit"/>
         <property name="katalonVersion" value="8.6.5.208"/>
         <property name="browser" value="Chrome 114.0.0.0"/>
         <property name="hostAddress" value="192.168.18.6"/>
         <property name="sessionId" value="39fffea9848cdc9c638c28b501465133"/>
         <property name="seleniumVersion" value="3.141.59"/>
         <property name="proxyInformation" value="ProxyInformation { proxyOption=NO_PROXY, proxyServerType=HTTP, username=, password=********, proxyServerAddress=, proxyServerPort=0, executionList=&quot;&quot;, isApplyToDesiredCapabilities=true }"/>
         <property name="platform" value="Windows 11"/>
      </properties>
      <testcase name="Test Cases/Google tittle" time="8.164" classname="Test Cases/Google tittle" status="PASSED">
         <system-out><![CDATA[2023-06-21 12:06:38 - [TEST_CASE][PASSED] - Test Cases/Google tittle: Test Cases/Google tittle

2023-06-21 12:06:38 - [TEST_STEP][PASSED] - openBrowser(""): Browser is opened with url: ''

2023-06-21 12:06:39 - [MESSAGE][INFO] - Starting 'Chrome' driver

2023-06-21 12:06:39 - [MESSAGE][INFO] - Action delay is set to 0 milliseconds

2023-06-21 12:06:42 - [MESSAGE][PASSED] - Browser is opened with url: ''

2023-06-21 12:06:42 - [TEST_STEP][PASSED] - navigateToUrl("https://www.youtube.com/"): Navigate to 'https://www.youtube.com/' successfully

2023-06-21 12:06:45 - [MESSAGE][PASSED] - Navigate to 'https://www.youtube.com/' successfully

2023-06-21 12:06:45 - [TEST_STEP][PASSED] - closeBrowser(): Browser is closed

2023-06-21 12:06:46 - [MESSAGE][PASSED] - Browser is closed]]></system-out>
         <system-err><![CDATA[]]></system-err>
      </testcase>
      <system-out><![CDATA[2023-06-21 12:06:37 - [TEST_SUITE][PASSED] - New Test Suite 1: Test Cases/Google tittle]]></system-out>
      <system-err><![CDATA[]]></system-err>
   </testsuite>
</testsuites>
